{"obj": {"type": "AssignString", "path": ["sys", "description"], "value": ""}, "version": 1, "at": 1744254252.3242996}
{"obj": {"type": "AssignString", "path": ["monitoring", "dfc2cd43", "hostname"], "value": "LAPTOP-P0OHVEG9"}, "version": 2, "at": 1744254252.3244433}
{"obj": {"type": "AssignString", "path": ["sys", "hostname"], "value": "LAPTOP-P0OHVEG9"}, "version": 3, "at": 1744254252.3245027}
{"obj": {"type": "AssignString", "path": ["monitoring", "dfc2cd43", "pid"], "value": "29440"}, "version": 4, "at": 1744254252.3245597}
{"obj": {"type": "AssignString", "path": ["monitoring", "dfc2cd43", "tid"], "value": "6756"}, "version": 5, "at": 1744254252.3246078}
{"obj": {"type": "AssignBool", "path": ["sys", "failed"], "value": false}, "version": 6, "at": 1744254252.3246439}
{"obj": {"type": "ClearStringLog", "path": ["monitoring", "dfc2cd43", "stdout"]}, "version": 7, "at": 1744254252.3246975}
{"obj": {"type": "ClearStringLog", "path": ["monitoring", "dfc2cd43", "stderr"]}, "version": 8, "at": 1744254252.3247418}
{"obj": {"type": "AssignString", "path": ["source_code", "entrypoint"], "value": "train.py"}, "version": 9, "at": 1744254252.3250988}
{"obj": {"type": "UploadFileSet", "path": ["source_code", "files"], "file_globs": ["D:\\pinelined\\src\\train.py"], "reset": "False"}, "version": 10, "at": 1744254252.3251586}
{"obj": {"type": "ConfigFloatSeries", "path": ["monitoring", "dfc2cd43", "cpu"], "min": 0.0, "max": 100.0, "unit": "%"}, "version": 11, "at": 1744254252.3375845}
{"obj": {"type": "ClearFloatLog", "path": ["monitoring", "dfc2cd43", "cpu"]}, "version": 12, "at": 1744254252.337704}
{"obj": {"type": "ConfigFloatSeries", "path": ["monitoring", "dfc2cd43", "memory"], "min": 0.0, "max": 15.245025634765625, "unit": "GB"}, "version": 13, "at": 1744254252.337863}
{"obj": {"type": "ClearFloatLog", "path": ["monitoring", "dfc2cd43", "memory"]}, "version": 14, "at": 1744254252.3378994}
{"obj": {"type": "ConfigFloatSeries", "path": ["monitoring", "dfc2cd43", "gpu"], "min": 0.0, "max": 100.0, "unit": "%"}, "version": 15, "at": 1744254252.3380117}
{"obj": {"type": "ClearFloatLog", "path": ["monitoring", "dfc2cd43", "gpu"]}, "version": 16, "at": 1744254252.3380454}
{"obj": {"type": "ConfigFloatSeries", "path": ["monitoring", "dfc2cd43", "gpu_memory"], "min": 0.0, "max": 5.9970703125, "unit": "GB"}, "version": 17, "at": 1744254252.3382516}
{"obj": {"type": "ClearFloatLog", "path": ["monitoring", "dfc2cd43", "gpu_memory"]}, "version": 18, "at": 1744254252.3382866}
{"obj": {"type": "ConfigFloatSeries", "path": ["monitoring", "dfc2cd43", "gpu_power"], "min": 0.0, "max": 76, "unit": "W"}, "version": 19, "at": 1744254252.3383436}
{"obj": {"type": "ClearFloatLog", "path": ["monitoring", "dfc2cd43", "gpu_power"]}, "version": 20, "at": 1744254252.3383703}
{"obj": {"type": "LogFloats", "path": ["monitoring", "dfc2cd43", "memory"], "values": [{"value": 12.408790588378906, "step": null, "ts": 1744254252.338878}]}, "version": 21, "at": 1744254252.3456364}
{"obj": {"type": "LogFloats", "path": ["monitoring", "dfc2cd43", "gpu"], "values": [{"value": 10.0, "step": null, "ts": 1744254252.338878}]}, "version": 22, "at": 1744254252.3458023}
{"obj": {"type": "LogFloats", "path": ["monitoring", "dfc2cd43", "gpu_memory"], "values": [{"value": 1.4359626770019531, "step": null, "ts": 1744254252.338878}]}, "version": 23, "at": 1744254252.3461113}
{"obj": {"type": "LogFloats", "path": ["monitoring", "dfc2cd43", "gpu_power"], "values": [{"value": 5.69, "step": null, "ts": 1744254252.338878}]}, "version": 24, "at": 1744254252.346261}
{"obj": {"type": "LogStrings", "path": ["monitoring", "dfc2cd43", "stdout"], "values": [{"value": "Using device: cpu", "step": null, "ts": 1744254253.8803153}]}, "version": 25, "at": 1744254253.880355}
{"obj": {"type": "LogStrings", "path": ["monitoring", "dfc2cd43", "stdout"], "values": [{"value": "\n", "step": null, "ts": 1744254253.8809218}]}, "version": 26, "at": 1744254253.8809445}
{"obj": {"type": "LogFloats", "path": ["monitoring", "dfc2cd43", "cpu"], "values": [{"value": 36.9, "step": null, "ts": 1744254262.3538723}]}, "version": 27, "at": 1744254262.3610644}
{"obj": {"type": "LogFloats", "path": ["monitoring", "dfc2cd43", "memory"], "values": [{"value": 12.53317642211914, "step": null, "ts": 1744254262.3538723}]}, "version": 28, "at": 1744254262.3612242}
{"obj": {"type": "LogFloats", "path": ["monitoring", "dfc2cd43", "gpu"], "values": [{"value": 4.0, "step": null, "ts": 1744254262.3538723}]}, "version": 29, "at": 1744254262.3613095}
{"obj": {"type": "LogFloats", "path": ["monitoring", "dfc2cd43", "gpu_memory"], "values": [{"value": 1.4569282531738281, "step": null, "ts": 1744254262.3538723}]}, "version": 30, "at": 1744254262.361398}
{"obj": {"type": "LogFloats", "path": ["monitoring", "dfc2cd43", "gpu_power"], "values": [{"value": 9.949, "step": null, "ts": 1744254262.3538723}]}, "version": 31, "at": 1744254262.3614647}
{"obj": {"type": "LogFloats", "path": ["monitoring", "dfc2cd43", "cpu"], "values": [{"value": 69.4, "step": null, "ts": 1744254272.365045}]}, "version": 32, "at": 1744254272.3740869}
{"obj": {"type": "LogFloats", "path": ["monitoring", "dfc2cd43", "memory"], "values": [{"value": 12.514934539794922, "step": null, "ts": 1744254272.365045}]}, "version": 33, "at": 1744254272.3743696}
{"obj": {"type": "LogFloats", "path": ["monitoring", "dfc2cd43", "gpu"], "values": [{"value": 6.0, "step": null, "ts": 1744254272.365045}]}, "version": 34, "at": 1744254272.374818}
{"obj": {"type": "LogFloats", "path": ["monitoring", "dfc2cd43", "gpu_memory"], "values": [{"value": 1.4334602355957031, "step": null, "ts": 1744254272.365045}]}, "version": 35, "at": 1744254272.3749495}
{"obj": {"type": "LogFloats", "path": ["monitoring", "dfc2cd43", "gpu_power"], "values": [{"value": 5.401, "step": null, "ts": 1744254272.365045}]}, "version": 36, "at": 1744254272.375057}
{"obj": {"type": "LogFloats", "path": ["monitoring", "dfc2cd43", "cpu"], "values": [{"value": 69.4, "step": null, "ts": 1744254282.3842428}]}, "version": 37, "at": 1744254282.392056}
{"obj": {"type": "LogFloats", "path": ["monitoring", "dfc2cd43", "memory"], "values": [{"value": 12.471675872802734, "step": null, "ts": 1744254282.3842428}]}, "version": 38, "at": 1744254282.3922455}
{"obj": {"type": "LogFloats", "path": ["monitoring", "dfc2cd43", "gpu"], "values": [{"value": 10.0, "step": null, "ts": 1744254282.3842428}]}, "version": 39, "at": 1744254282.3924289}
{"obj": {"type": "LogFloats", "path": ["monitoring", "dfc2cd43", "gpu_memory"], "values": [{"value": 1.4438972473144531, "step": null, "ts": 1744254282.3842428}]}, "version": 40, "at": 1744254282.3925729}
{"obj": {"type": "LogFloats", "path": ["monitoring", "dfc2cd43", "gpu_power"], "values": [{"value": 5.267, "step": null, "ts": 1744254282.3842428}]}, "version": 41, "at": 1744254282.3927066}
{"obj": {"type": "LogStrings", "path": ["monitoring", "dfc2cd43", "stdout"], "values": [{"value": "Epoch 1/3, Loss: 1.514920623973012", "step": null, "ts": 1744254291.6241815}]}, "version": 42, "at": 1744254291.6242235}
{"obj": {"type": "AssignFloat", "path": ["metrics", "epoch_1", "loss"], "value": 1.514920623973012}, "version": 43, "at": 1744254291.624491}
{"obj": {"type": "LogStrings", "path": ["monitoring", "dfc2cd43", "stdout"], "values": [{"value": "\n", "step": null, "ts": 1744254291.6248412}]}, "version": 44, "at": 1744254291.6248682}
{"obj": {"type": "LogFloats", "path": ["monitoring", "dfc2cd43", "cpu"], "values": [{"value": 71.2, "step": null, "ts": 1744254292.39279}]}, "version": 45, "at": 1744254292.3999557}
{"obj": {"type": "LogFloats", "path": ["monitoring", "dfc2cd43", "memory"], "values": [{"value": 12.508445739746094, "step": null, "ts": 1744254292.39279}]}, "version": 46, "at": 1744254292.400124}
{"obj": {"type": "LogFloats", "path": ["monitoring", "dfc2cd43", "gpu"], "values": [{"value": 4.0, "step": null, "ts": 1744254292.39279}]}, "version": 47, "at": 1744254292.400353}
{"obj": {"type": "LogFloats", "path": ["monitoring", "dfc2cd43", "gpu_memory"], "values": [{"value": 1.4537239074707031, "step": null, "ts": 1744254292.39279}]}, "version": 48, "at": 1744254292.400553}
{"obj": {"type": "LogFloats", "path": ["monitoring", "dfc2cd43", "gpu_power"], "values": [{"value": 18.712, "step": null, "ts": 1744254292.39279}]}, "version": 49, "at": 1744254292.400701}
{"obj": {"type": "LogFloats", "path": ["monitoring", "dfc2cd43", "cpu"], "values": [{"value": 67.9, "step": null, "ts": 1744254302.4123607}]}, "version": 50, "at": 1744254302.4186423}
{"obj": {"type": "LogFloats", "path": ["monitoring", "dfc2cd43", "memory"], "values": [{"value": 12.512886047363281, "step": null, "ts": 1744254302.4123607}]}, "version": 51, "at": 1744254302.4190068}
{"obj": {"type": "LogFloats", "path": ["monitoring", "dfc2cd43", "gpu"], "values": [{"value": 9.0, "step": null, "ts": 1744254302.4123607}]}, "version": 52, "at": 1744254302.4191391}
{"obj": {"type": "LogFloats", "path": ["monitoring", "dfc2cd43", "gpu_memory"], "values": [{"value": 1.4376411437988281, "step": null, "ts": 1744254302.4123607}]}, "version": 53, "at": 1744254302.4192436}
{"obj": {"type": "LogFloats", "path": ["monitoring", "dfc2cd43", "gpu_power"], "values": [{"value": 5.61, "step": null, "ts": 1744254302.4123607}]}, "version": 54, "at": 1744254302.4194064}
{"obj": {"type": "LogFloats", "path": ["monitoring", "dfc2cd43", "cpu"], "values": [{"value": 68.2, "step": null, "ts": 1744254312.4234927}]}, "version": 55, "at": 1744254312.43364}
{"obj": {"type": "LogFloats", "path": ["monitoring", "dfc2cd43", "memory"], "values": [{"value": 12.391006469726562, "step": null, "ts": 1744254312.4234927}]}, "version": 56, "at": 1744254312.433788}
{"obj": {"type": "LogFloats", "path": ["monitoring", "dfc2cd43", "gpu"], "values": [{"value": 3.0, "step": null, "ts": 1744254312.4234927}]}, "version": 57, "at": 1744254312.4338746}
{"obj": {"type": "LogFloats", "path": ["monitoring", "dfc2cd43", "gpu_memory"], "values": [{"value": 1.4366340637207031, "step": null, "ts": 1744254312.4234927}]}, "version": 58, "at": 1744254312.4339428}
{"obj": {"type": "LogFloats", "path": ["monitoring", "dfc2cd43", "gpu_power"], "values": [{"value": 19.183, "step": null, "ts": 1744254312.4234927}]}, "version": 59, "at": 1744254312.4340017}
{"obj": {"type": "LogFloats", "path": ["monitoring", "dfc2cd43", "cpu"], "values": [{"value": 72.1, "step": null, "ts": 1744254322.4352722}]}, "version": 60, "at": 1744254322.4447646}
{"obj": {"type": "LogFloats", "path": ["monitoring", "dfc2cd43", "memory"], "values": [{"value": 12.163169860839844, "step": null, "ts": 1744254322.4352722}]}, "version": 61, "at": 1744254322.444902}
{"obj": {"type": "LogFloats", "path": ["monitoring", "dfc2cd43", "gpu"], "values": [{"value": 6.0, "step": null, "ts": 1744254322.4352722}]}, "version": 62, "at": 1744254322.4449837}
{"obj": {"type": "LogFloats", "path": ["monitoring", "dfc2cd43", "gpu_memory"], "values": [{"value": 1.4734992980957031, "step": null, "ts": 1744254322.4352722}]}, "version": 63, "at": 1744254322.4450486}
{"obj": {"type": "LogFloats", "path": ["monitoring", "dfc2cd43", "gpu_power"], "values": [{"value": 5.23, "step": null, "ts": 1744254322.4352722}]}, "version": 64, "at": 1744254322.4451308}
{"obj": {"type": "LogStrings", "path": ["monitoring", "dfc2cd43", "stdout"], "values": [{"value": "Epoch 2/3, Loss: 1.0799811845645308", "step": null, "ts": 1744254324.0747316}]}, "version": 65, "at": 1744254324.0747707}
{"obj": {"type": "AssignFloat", "path": ["metrics", "epoch_2", "loss"], "value": 1.0799811845645308}, "version": 66, "at": 1744254324.0750353}
{"obj": {"type": "LogStrings", "path": ["monitoring", "dfc2cd43", "stdout"], "values": [{"value": "\n", "step": null, "ts": 1744254324.0754218}]}, "version": 67, "at": 1744254324.0754473}
{"obj": {"type": "LogFloats", "path": ["monitoring", "dfc2cd43", "cpu"], "values": [{"value": 70.7, "step": null, "ts": 1744254332.4577043}]}, "version": 68, "at": 1744254332.4652858}
{"obj": {"type": "LogFloats", "path": ["monitoring", "dfc2cd43", "memory"], "values": [{"value": 12.142707824707031, "step": null, "ts": 1744254332.4577043}]}, "version": 69, "at": 1744254332.4654677}
{"obj": {"type": "LogFloats", "path": ["monitoring", "dfc2cd43", "gpu"], "values": [{"value": 7.0, "step": null, "ts": 1744254332.4577043}]}, "version": 70, "at": 1744254332.465577}
{"obj": {"type": "LogFloats", "path": ["monitoring", "dfc2cd43", "gpu_memory"], "values": [{"value": 1.4457283020019531, "step": null, "ts": 1744254332.4577043}]}, "version": 71, "at": 1744254332.4656706}
{"obj": {"type": "LogFloats", "path": ["monitoring", "dfc2cd43", "gpu_power"], "values": [{"value": 5.549, "step": null, "ts": 1744254332.4577043}]}, "version": 72, "at": 1744254332.4657555}
{"obj": {"type": "LogFloats", "path": ["monitoring", "dfc2cd43", "cpu"], "values": [{"value": 69.1, "step": null, "ts": 1744254342.4718258}]}, "version": 73, "at": 1744254342.4792993}
{"obj": {"type": "LogFloats", "path": ["monitoring", "dfc2cd43", "memory"], "values": [{"value": 12.10904312133789, "step": null, "ts": 1744254342.4718258}]}, "version": 74, "at": 1744254342.4795823}
{"obj": {"type": "LogFloats", "path": ["monitoring", "dfc2cd43", "gpu"], "values": [{"value": 6.0, "step": null, "ts": 1744254342.4718258}]}, "version": 75, "at": 1744254342.4797983}
{"obj": {"type": "LogFloats", "path": ["monitoring", "dfc2cd43", "gpu_memory"], "values": [{"value": 1.4496345520019531, "step": null, "ts": 1744254342.4718258}]}, "version": 76, "at": 1744254342.479944}
{"obj": {"type": "LogFloats", "path": ["monitoring", "dfc2cd43", "gpu_power"], "values": [{"value": 5.388, "step": null, "ts": 1744254342.4718258}]}, "version": 77, "at": 1744254342.4800603}
{"obj": {"type": "LogFloats", "path": ["monitoring", "dfc2cd43", "cpu"], "values": [{"value": 71.8, "step": null, "ts": 1744254352.488957}]}, "version": 78, "at": 1744254352.4975219}
{"obj": {"type": "LogFloats", "path": ["monitoring", "dfc2cd43", "memory"], "values": [{"value": 12.378456115722656, "step": null, "ts": 1744254352.488957}]}, "version": 79, "at": 1744254352.4977431}
{"obj": {"type": "LogFloats", "path": ["monitoring", "dfc2cd43", "gpu_memory"], "values": [{"value": 1.4636116027832031, "step": null, "ts": 1744254352.488957}]}, "version": 80, "at": 1744254352.4979036}
{"obj": {"type": "LogFloats", "path": ["monitoring", "dfc2cd43", "gpu_power"], "values": [{"value": 15.084, "step": null, "ts": 1744254352.488957}]}, "version": 81, "at": 1744254352.4980392}
{"obj": {"type": "LogStrings", "path": ["monitoring", "dfc2cd43", "stdout"], "values": [{"value": "Epoch 3/3, Loss: 0.9457272160798311", "step": null, "ts": 1744254358.3469005}]}, "version": 82, "at": 1744254358.3469603}
{"obj": {"type": "AssignFloat", "path": ["metrics", "epoch_3", "loss"], "value": 0.9457272160798311}, "version": 83, "at": 1744254358.3473334}
{"obj": {"type": "LogStrings", "path": ["monitoring", "dfc2cd43", "stdout"], "values": [{"value": "\n", "step": null, "ts": 1744254358.3480756}]}, "version": 84, "at": 1744254358.34812}
{"obj": {"type": "LogFloats", "path": ["monitoring", "dfc2cd43", "cpu"], "values": [{"value": 77.4, "step": null, "ts": 1744254362.511202}]}, "version": 85, "at": 1744254362.520303}
{"obj": {"type": "LogFloats", "path": ["monitoring", "dfc2cd43", "memory"], "values": [{"value": 12.507080078125, "step": null, "ts": 1744254362.511202}]}, "version": 86, "at": 1744254362.5205429}
{"obj": {"type": "LogFloats", "path": ["monitoring", "dfc2cd43", "gpu"], "values": [{"value": 2.0, "step": null, "ts": 1744254362.511202}]}, "version": 87, "at": 1744254362.5207028}
{"obj": {"type": "LogFloats", "path": ["monitoring", "dfc2cd43", "gpu_memory"], "values": [{"value": 1.4933357238769531, "step": null, "ts": 1744254362.511202}]}, "version": 88, "at": 1744254362.5208297}
{"obj": {"type": "LogFloats", "path": ["monitoring", "dfc2cd43", "gpu_power"], "values": [{"value": 15.13, "step": null, "ts": 1744254362.511202}]}, "version": 89, "at": 1744254362.5209427}
{"obj": {"type": "LogStrings", "path": ["monitoring", "dfc2cd43", "stdout"], "values": [{"value": "Validation Accuracy: 0.4507874015748031", "step": null, "ts": 1744254363.2414553}]}, "version": 90, "at": 1744254363.241503}
{"obj": {"type": "AssignFloat", "path": ["parameters", "lr"], "value": 0.0021182985354349765}, "version": 91, "at": 1744254363.2418787}
{"obj": {"type": "AssignInt", "path": ["parameters", "batch_size"], "value": 32}, "version": 92, "at": 1744254363.2421045}
{"obj": {"type": "LogStrings", "path": ["monitoring", "dfc2cd43", "stdout"], "values": [{"value": "\n", "step": null, "ts": 1744254363.2422101}]}, "version": 93, "at": 1744254363.2422457}
{"obj": {"type": "AssignFloat", "path": ["metrics", "accuracy"], "value": 0.4507874015748031}, "version": 94, "at": 1744254363.2424188}
{"obj": {"type": "LogFloats", "path": ["monitoring", "dfc2cd43", "cpu"], "values": [{"value": 20.1, "step": null, "ts": 1744254372.5329063}]}, "version": 95, "at": 1744254372.5416842}
{"obj": {"type": "LogFloats", "path": ["monitoring", "dfc2cd43", "memory"], "values": [{"value": 12.20864486694336, "step": null, "ts": 1744254372.5329063}]}, "version": 96, "at": 1744254372.5419111}
{"obj": {"type": "LogFloats", "path": ["monitoring", "dfc2cd43", "gpu"], "values": [{"value": 6.0, "step": null, "ts": 1744254372.5329063}]}, "version": 97, "at": 1744254372.5420556}
{"obj": {"type": "LogFloats", "path": ["monitoring", "dfc2cd43", "gpu_memory"], "values": [{"value": 1.4448738098144531, "step": null, "ts": 1744254372.5329063}]}, "version": 98, "at": 1744254372.5421765}
{"obj": {"type": "LogFloats", "path": ["monitoring", "dfc2cd43", "gpu_power"], "values": [{"value": 5.85, "step": null, "ts": 1744254372.5329063}]}, "version": 99, "at": 1744254372.5422928}
{"obj": {"type": "UploadFile", "path": ["model", "checkpoint"], "ext": "pt", "file_path": "D:\\pinelined\\models\\checkpoints\\best_model.pt", "tmp_file_name": null, "clean_after_upload": false}, "version": 100, "at": 1744254374.1528928}
{"obj": {"type": "LogStrings", "path": ["monitoring", "dfc2cd43", "stdout"], "values": [{"value": "[neptune] [info   ] Shutting down background jobs, please wait a moment...\n", "step": null, "ts": 1744254374.1535068}]}, "version": 101, "at": 1744254374.1535552}
