{"obj": {"type": "AssignString", "path": ["sys", "description"], "value": ""}, "version": 1, "at": 1744256464.2603848}
{"obj": {"type": "AssignString", "path": ["monitoring", "296dc7cb", "hostname"], "value": "LAPTOP-P0OHVEG9"}, "version": 2, "at": 1744256464.2605603}
{"obj": {"type": "AssignString", "path": ["sys", "hostname"], "value": "LAPTOP-P0OHVEG9"}, "version": 3, "at": 1744256464.260625}
{"obj": {"type": "AssignString", "path": ["monitoring", "296dc7cb", "pid"], "value": "13748"}, "version": 4, "at": 1744256464.2606761}
{"obj": {"type": "AssignString", "path": ["monitoring", "296dc7cb", "tid"], "value": "14432"}, "version": 5, "at": 1744256464.2607222}
{"obj": {"type": "AssignBool", "path": ["sys", "failed"], "value": false}, "version": 6, "at": 1744256464.2607656}
{"obj": {"type": "ClearStringLog", "path": ["monitoring", "296dc7cb", "stdout"]}, "version": 7, "at": 1744256464.260825}
{"obj": {"type": "ClearStringLog", "path": ["monitoring", "296dc7cb", "stderr"]}, "version": 8, "at": 1744256464.26087}
{"obj": {"type": "AssignString", "path": ["source_code", "entrypoint"], "value": "train.py"}, "version": 9, "at": 1744256464.261236}
{"obj": {"type": "UploadFileSet", "path": ["source_code", "files"], "file_globs": ["D:\\pinelined\\src\\train.py"], "reset": "False"}, "version": 10, "at": 1744256464.2612987}
{"obj": {"type": "ConfigFloatSeries", "path": ["monitoring", "296dc7cb", "cpu"], "min": 0.0, "max": 100.0, "unit": "%"}, "version": 11, "at": 1744256464.31072}
{"obj": {"type": "ClearFloatLog", "path": ["monitoring", "296dc7cb", "cpu"]}, "version": 12, "at": 1744256464.310842}
{"obj": {"type": "ConfigFloatSeries", "path": ["monitoring", "296dc7cb", "memory"], "min": 0.0, "max": 15.245025634765625, "unit": "GB"}, "version": 13, "at": 1744256464.310974}
{"obj": {"type": "ClearFloatLog", "path": ["monitoring", "296dc7cb", "memory"]}, "version": 14, "at": 1744256464.3110223}
{"obj": {"type": "ConfigFloatSeries", "path": ["monitoring", "296dc7cb", "gpu"], "min": 0.0, "max": 100.0, "unit": "%"}, "version": 15, "at": 1744256464.311108}
{"obj": {"type": "ClearFloatLog", "path": ["monitoring", "296dc7cb", "gpu"]}, "version": 16, "at": 1744256464.3111486}
{"obj": {"type": "ConfigFloatSeries", "path": ["monitoring", "296dc7cb", "gpu_memory"], "min": 0.0, "max": 5.9970703125, "unit": "GB"}, "version": 17, "at": 1744256464.3112285}
{"obj": {"type": "ClearFloatLog", "path": ["monitoring", "296dc7cb", "gpu_memory"]}, "version": 18, "at": 1744256464.3112674}
{"obj": {"type": "ConfigFloatSeries", "path": ["monitoring", "296dc7cb", "gpu_power"], "min": 0.0, "max": 78, "unit": "W"}, "version": 19, "at": 1744256464.3113441}
{"obj": {"type": "ClearFloatLog", "path": ["monitoring", "296dc7cb", "gpu_power"]}, "version": 20, "at": 1744256464.3113801}
{"obj": {"type": "LogFloats", "path": ["monitoring", "296dc7cb", "memory"], "values": [{"value": 10.333141326904297, "step": null, "ts": 1744256464.3120592}]}, "version": 21, "at": 1744256464.320123}
{"obj": {"type": "LogFloats", "path": ["monitoring", "296dc7cb", "gpu"], "values": [{"value": 6.0, "step": null, "ts": 1744256464.3120592}]}, "version": 22, "at": 1744256464.3203475}
{"obj": {"type": "LogFloats", "path": ["monitoring", "296dc7cb", "gpu_memory"], "values": [{"value": 1.6743927001953125, "step": null, "ts": 1744256464.3120592}]}, "version": 23, "at": 1744256464.3204396}
{"obj": {"type": "LogFloats", "path": ["monitoring", "296dc7cb", "gpu_power"], "values": [{"value": 4.961, "step": null, "ts": 1744256464.3120592}]}, "version": 24, "at": 1744256464.320507}
{"obj": {"type": "LogStrings", "path": ["monitoring", "296dc7cb", "stdout"], "values": [{"value": "ClearML Task: created new task id=8ae2cc0449e643ee928432be07c1bc2b\n", "step": null, "ts": 1744256471.868382}]}, "version": 25, "at": 1744256471.8684318}
{"obj": {"type": "LogStrings", "path": ["monitoring", "296dc7cb", "stdout"], "values": [{"value": "2025-04-10 10:41:11,909 - clearml.Task - INFO - No repository found, storing script code instead\n", "step": null, "ts": 1744256471.9103756}]}, "version": 26, "at": 1744256471.9104078}
{"obj": {"type": "LogStrings", "path": ["monitoring", "296dc7cb", "stdout"], "values": [{"value": "ClearML results page: https://app.clear.ml/projects/548404b75d574c5d955b5bd1b76a3374/experiments/8ae2cc0449e643ee928432be07c1bc2b/output/log\n", "step": null, "ts": 1744256474.2331667}]}, "version": 27, "at": 1744256474.2331958}
{"obj": {"type": "LogFloats", "path": ["monitoring", "296dc7cb", "cpu"], "values": [{"value": 14.7, "step": null, "ts": 1744256474.3343365}]}, "version": 28, "at": 1744256474.34104}
{"obj": {"type": "LogFloats", "path": ["monitoring", "296dc7cb", "memory"], "values": [{"value": 10.381637573242188, "step": null, "ts": 1744256474.3343365}]}, "version": 29, "at": 1744256474.3411617}
{"obj": {"type": "LogFloats", "path": ["monitoring", "296dc7cb", "gpu"], "values": [{"value": 6.0, "step": null, "ts": 1744256474.3343365}]}, "version": 30, "at": 1744256474.3412292}
{"obj": {"type": "LogFloats", "path": ["monitoring", "296dc7cb", "gpu_memory"], "values": [{"value": 1.6822052001953125, "step": null, "ts": 1744256474.3343365}]}, "version": 31, "at": 1744256474.3412857}
{"obj": {"type": "LogFloats", "path": ["monitoring", "296dc7cb", "gpu_power"], "values": [{"value": 5.136, "step": null, "ts": 1744256474.3343365}]}, "version": 32, "at": 1744256474.341339}
{"obj": {"type": "LogStrings", "path": ["monitoring", "296dc7cb", "stdout"], "values": [{"value": "Using device: cpu", "step": null, "ts": 1744256481.5593514}]}, "version": 33, "at": 1744256481.5593908}
{"obj": {"type": "AssignFloat", "path": ["parameters", "lr"], "value": 8.068527981770605e-05}, "version": 34, "at": 1744256481.5607448}
{"obj": {"type": "LogStrings", "path": ["monitoring", "296dc7cb", "stdout"], "values": [{"value": "\n", "step": null, "ts": 1744256481.5613852}]}, "version": 35, "at": 1744256481.5614102}
{"obj": {"type": "AssignInt", "path": ["parameters", "batch_size"], "value": 64}, "version": 36, "at": 1744256481.5615704}
{"obj": {"type": "LogStrings", "path": ["monitoring", "296dc7cb", "stdout"], "values": [{"value": "2025-04-10 10:41:23,011 - clearml.model - INFO - Selected model id: 7debf91ca2f54e5591cde6b3cf0d3671\n", "step": null, "ts": 1744256483.0116062}]}, "version": 37, "at": 1744256483.0116472}
{"obj": {"type": "LogFloats", "path": ["monitoring", "296dc7cb", "cpu"], "values": [{"value": 16.0, "step": null, "ts": 1744256484.3519666}]}, "version": 38, "at": 1744256484.3590453}
{"obj": {"type": "LogFloats", "path": ["monitoring", "296dc7cb", "memory"], "values": [{"value": 10.44631576538086, "step": null, "ts": 1744256484.3519666}]}, "version": 39, "at": 1744256484.3592148}
{"obj": {"type": "LogFloats", "path": ["monitoring", "296dc7cb", "gpu_memory"], "values": [{"value": 1.6815338134765625, "step": null, "ts": 1744256484.3519666}]}, "version": 40, "at": 1744256484.3593068}
{"obj": {"type": "LogFloats", "path": ["monitoring", "296dc7cb", "gpu_power"], "values": [{"value": 19.508, "step": null, "ts": 1744256484.3519666}]}, "version": 41, "at": 1744256484.359385}
{"obj": {"type": "LogFloats", "path": ["monitoring", "296dc7cb", "cpu"], "values": [{"value": 45.7, "step": null, "ts": 1744256494.364326}]}, "version": 42, "at": 1744256494.3777661}
{"obj": {"type": "LogFloats", "path": ["monitoring", "296dc7cb", "memory"], "values": [{"value": 11.146430969238281, "step": null, "ts": 1744256494.364326}]}, "version": 43, "at": 1744256494.3779714}
{"obj": {"type": "LogFloats", "path": ["monitoring", "296dc7cb", "gpu"], "values": [{"value": 6.0, "step": null, "ts": 1744256494.364326}]}, "version": 44, "at": 1744256494.3780725}
{"obj": {"type": "LogFloats", "path": ["monitoring", "296dc7cb", "gpu_memory"], "values": [{"value": 1.6728363037109375, "step": null, "ts": 1744256494.364326}]}, "version": 45, "at": 1744256494.378154}
{"obj": {"type": "LogFloats", "path": ["monitoring", "296dc7cb", "gpu_power"], "values": [{"value": 5.088, "step": null, "ts": 1744256494.364326}]}, "version": 46, "at": 1744256494.3782532}
{"obj": {"type": "LogFloats", "path": ["monitoring", "296dc7cb", "cpu"], "values": [{"value": 66.1, "step": null, "ts": 1744256504.3863013}]}, "version": 47, "at": 1744256504.3940759}
{"obj": {"type": "LogFloats", "path": ["monitoring", "296dc7cb", "memory"], "values": [{"value": 11.08447265625, "step": null, "ts": 1744256504.3863013}]}, "version": 48, "at": 1744256504.3942432}
{"obj": {"type": "LogFloats", "path": ["monitoring", "296dc7cb", "gpu"], "values": [{"value": 6.0, "step": null, "ts": 1744256504.3863013}]}, "version": 49, "at": 1744256504.3943534}
{"obj": {"type": "LogFloats", "path": ["monitoring", "296dc7cb", "gpu_memory"], "values": [{"value": 1.6735076904296875, "step": null, "ts": 1744256504.3863013}]}, "version": 50, "at": 1744256504.3944526}
{"obj": {"type": "LogFloats", "path": ["monitoring", "296dc7cb", "gpu_power"], "values": [{"value": 5.198, "step": null, "ts": 1744256504.3863013}]}, "version": 51, "at": 1744256504.3947895}
{"obj": {"type": "LogFloats", "path": ["monitoring", "296dc7cb", "cpu"], "values": [{"value": 66.0, "step": null, "ts": 1744256514.4053893}]}, "version": 52, "at": 1744256514.4185355}
{"obj": {"type": "LogFloats", "path": ["monitoring", "296dc7cb", "memory"], "values": [{"value": 11.058601379394531, "step": null, "ts": 1744256514.4053893}]}, "version": 53, "at": 1744256514.4187317}
{"obj": {"type": "LogFloats", "path": ["monitoring", "296dc7cb", "gpu"], "values": [{"value": 14.0, "step": null, "ts": 1744256514.4053893}]}, "version": 54, "at": 1744256514.418838}
{"obj": {"type": "LogFloats", "path": ["monitoring", "296dc7cb", "gpu_memory"], "values": [{"value": 1.6810150146484375, "step": null, "ts": 1744256514.4053893}]}, "version": 55, "at": 1744256514.4189246}
{"obj": {"type": "LogFloats", "path": ["monitoring", "296dc7cb", "gpu_power"], "values": [{"value": 5.612, "step": null, "ts": 1744256514.4053893}]}, "version": 56, "at": 1744256514.4189932}
{"obj": {"type": "LogStrings", "path": ["monitoring", "296dc7cb", "stdout"], "values": [{"value": "Epoch 1/3, Train Loss: 0.9359415536746383", "step": null, "ts": 1744256518.628479}]}, "version": 57, "at": 1744256518.62852}
{"obj": {"type": "LogFloats", "path": ["train", "loss"], "values": [{"value": 0.9359415536746383, "step": null, "ts": 1744256518.6288867}]}, "version": 58, "at": 1744256518.6289155}
{"obj": {"type": "LogStrings", "path": ["monitoring", "296dc7cb", "stdout"], "values": [{"value": "\n", "step": null, "ts": 1744256518.6293864}]}, "version": 59, "at": 1744256518.62941}
{"obj": {"type": "LogFloats", "path": ["monitoring", "296dc7cb", "cpu"], "values": [{"value": 66.5, "step": null, "ts": 1744256524.427546}]}, "version": 60, "at": 1744256524.4352174}
{"obj": {"type": "LogFloats", "path": ["monitoring", "296dc7cb", "memory"], "values": [{"value": 11.080303192138672, "step": null, "ts": 1744256524.427546}]}, "version": 61, "at": 1744256524.435549}
{"obj": {"type": "LogFloats", "path": ["monitoring", "296dc7cb", "gpu"], "values": [{"value": 8.0, "step": null, "ts": 1744256524.427546}]}, "version": 62, "at": 1744256524.4356601}
{"obj": {"type": "LogFloats", "path": ["monitoring", "296dc7cb", "gpu_memory"], "values": [{"value": 1.6732025146484375, "step": null, "ts": 1744256524.427546}]}, "version": 63, "at": 1744256524.4357636}
{"obj": {"type": "LogFloats", "path": ["monitoring", "296dc7cb", "gpu_power"], "values": [{"value": 5.293, "step": null, "ts": 1744256524.427546}]}, "version": 64, "at": 1744256524.4359255}
{"obj": {"type": "LogStrings", "path": ["monitoring", "296dc7cb", "stdout"], "values": [{"value": "Epoch 1/3, Train Accuracy: 0.9410599306587419", "step": null, "ts": 1744256530.7807846}]}, "version": 65, "at": 1744256530.780825}
{"obj": {"type": "LogFloats", "path": ["train", "accuracy"], "values": [{"value": 0.9410599306587419, "step": null, "ts": 1744256530.7810893}]}, "version": 66, "at": 1744256530.781115}
{"obj": {"type": "LogStrings", "path": ["monitoring", "296dc7cb", "stdout"], "values": [{"value": "\n", "step": null, "ts": 1744256530.7812443}]}, "version": 67, "at": 1744256530.7812636}
{"obj": {"type": "LogStrings", "path": ["monitoring", "296dc7cb", "stdout"], "values": [{"value": "Epoch 1/3, Val Loss: 0.643481470644474, Val Accuracy: 0.7952755905511811", "step": null, "ts": 1744256533.7715786}]}, "version": 68, "at": 1744256533.7716138}
{"obj": {"type": "LogFloats", "path": ["val", "loss"], "values": [{"value": 0.643481470644474, "step": null, "ts": 1744256533.7718923}]}, "version": 69, "at": 1744256533.7719162}
{"obj": {"type": "LogStrings", "path": ["monitoring", "296dc7cb", "stdout"], "values": [{"value": "\n", "step": null, "ts": 1744256533.772008}]}, "version": 70, "at": 1744256533.7720265}
{"obj": {"type": "LogFloats", "path": ["val", "accuracy"], "values": [{"value": 0.7952755905511811, "step": null, "ts": 1744256533.772105}]}, "version": 71, "at": 1744256533.7721205}
{"obj": {"type": "LogFloats", "path": ["monitoring", "296dc7cb", "cpu"], "values": [{"value": 69.7, "step": null, "ts": 1744256534.4376028}]}, "version": 72, "at": 1744256534.464763}
{"obj": {"type": "LogFloats", "path": ["monitoring", "296dc7cb", "memory"], "values": [{"value": 11.173519134521484, "step": null, "ts": 1744256534.4376028}]}, "version": 73, "at": 1744256534.4652696}
{"obj": {"type": "LogFloats", "path": ["monitoring", "296dc7cb", "gpu"], "values": [{"value": 7.0, "step": null, "ts": 1744256534.4376028}]}, "version": 74, "at": 1744256534.4654603}
{"obj": {"type": "LogFloats", "path": ["monitoring", "296dc7cb", "gpu_memory"], "values": [{"value": 1.6815032958984375, "step": null, "ts": 1744256534.4376028}]}, "version": 75, "at": 1744256534.4658198}
{"obj": {"type": "LogFloats", "path": ["monitoring", "296dc7cb", "gpu_power"], "values": [{"value": 5.213, "step": null, "ts": 1744256534.4376028}]}, "version": 76, "at": 1744256534.4661264}
